2026-05-14 15:47:34,745 [INFO] main: === run start | input=chunks.jsonl output=output/qa_test_dryrun.xlsx top_k=3 limit=5 dry_run=True ===
2026-05-14 15:47:34,745 [INFO] main: log file: C:\Users\HUAWEI\Documents\WorkSpaces\rag\qa_generate_v2\logs\run_chunks.dryrun_20260514_154734.log
2026-05-14 15:47:34,747 [INFO] qa_generator.chunk_loader: loaded 49 chunks from chunks.jsonl
2026-05-14 15:47:34,747 [INFO] main: limited to first 5 chunks
2026-05-14 15:47:35,418 [INFO] qa_generator.embedder: vector index: total=5 already_indexed=0 to_embed=5
2026-05-14 15:47:47,943 [INFO] qa_generator.embedder: embedded batch of 5 (running total 5)
2026-05-14 15:47:47,943 [INFO] main: indexing done: {'total': 5, 'embedded': 5, 'skipped': 0}
2026-05-14 15:47:47,947 [INFO] main: dry-run: cleared progress + intermediate qa.jsonl
2026-05-14 15:47:47,947 [INFO] main: to process: 5 / 5
2026-05-14 15:47:48,740 [INFO] main: [chunk_0001] neighbors=['chunk_0003', 'chunk_0005', 'chunk_0004']
2026-05-14 15:47:50,032 [INFO] main: [chunk_0001] skipped (empty qa) in 2.04s
2026-05-14 15:47:51,349 [INFO] main: [chunk_0002] neighbors=['chunk_0004', 'chunk_0003', 'chunk_0005']
2026-05-14 15:47:54,347 [INFO] main: [chunk_0002] generated 1 qa in 4.30s
2026-05-14 15:47:55,103 [INFO] main: [chunk_0003] neighbors=['chunk_0005', 'chunk_0004', 'chunk_0001']
2026-05-14 15:48:03,653 [INFO] main: [chunk_0003] generated 3 qa in 9.30s
2026-05-14 15:48:04,888 [INFO] main: [chunk_0004] neighbors=['chunk_0005', 'chunk_0003', 'chunk_0002']
2026-05-14 15:48:09,566 [INFO] main: [chunk_0004] generated 1 qa in 5.91s
2026-05-14 15:48:10,338 [INFO] main: [chunk_0005] neighbors=['chunk_0003', 'chunk_0004', 'chunk_0001']
2026-05-14 15:48:16,672 [INFO] main: [chunk_0005] generated 1 qa in 7.09s
2026-05-14 15:48:16,673 [INFO] main: === run summary: {'done': 4, 'skipped_empty': 1, 'failed': 0} qa_pairs_total=6 ===
2026-05-14 15:48:16,987 [INFO] qa_generator.exporter: wrote 6 rows to output\qa_test_dryrun.xlsx
2026-05-14 15:48:16,987 [INFO] main: xlsx exported: output/qa_test_dryrun.xlsx (6 rows)
